<?xml version="1.0" encoding="UTF-8"?>
<testsuite xmlns:xsi="http://www.w3.org/2001/XMLSchema-instance" xsi:noNamespaceSchemaLocation="https://maven.apache.org/surefire/maven-surefire-plugin/xsd/surefire-test-report.xsd" version="3.0.2" name="com.sportygroup.EventTrackerApplicationTests" time="0.155" tests="1" errors="0" skipped="0" failures="0">
  <properties>
    <property name="java.specification.version" value="21"/>
    <property name="sun.jnu.encoding" value="UTF-8"/>
    <property name="java.class.path" value="/Users/akshay.saroj/Downloads/event-tracker/target/test-classes:/Users/akshay.saroj/Downloads/event-tracker/target/classes:/Users/akshay.saroj/.m2/repository/org/springframework/boot/spring-boot-starter/4.0.0-SNAPSHOT/spring-boot-starter-4.0.0-SNAPSHOT.jar:/Users/akshay.saroj/.m2/repository/org/springframework/boot/spring-boot/4.0.0-SNAPSHOT/spring-boot-4.0.0-SNAPSHOT.jar:/Users/akshay.saroj/.m2/repository/org/springframework/boot/spring-boot-autoconfigure/4.0.0-SNAPSHOT/spring-boot-autoconfigure-4.0.0-SNAPSHOT.jar:/Users/akshay.saroj/.m2/repository/org/springframework/boot/spring-boot-starter-logging/4.0.0-SNAPSHOT/spring-boot-starter-logging-4.0.0-SNAPSHOT.jar:/Users/akshay.saroj/.m2/repository/ch/qos/logback/logback-classic/1.5.18/logback-classic-1.5.18.jar:/Users/akshay.saroj/.m2/repository/ch/qos/logback/logback-core/1.5.18/logback-core-1.5.18.jar:/Users/akshay.saroj/.m2/repository/org/apache/logging/log4j/log4j-to-slf4j/2.24.3/log4j-to-slf4j-2.24.3.jar:/Users/akshay.saroj/.m2/repository/org/apache/logging/log4j/log4j-api/2.24.3/log4j-api-2.24.3.jar:/Users/akshay.saroj/.m2/repository/org/slf4j/jul-to-slf4j/2.0.17/jul-to-slf4j-2.0.17.jar:/Users/akshay.saroj/.m2/repository/jakarta/annotation/jakarta.annotation-api/3.0.0/jakarta.annotation-api-3.0.0.jar:/Users/akshay.saroj/.m2/repository/org/springframework/spring-core/7.0.0-SNAPSHOT/spring-core-7.0.0-SNAPSHOT.jar:/Users/akshay.saroj/.m2/repository/commons-logging/commons-logging/1.3.5/commons-logging-1.3.5.jar:/Users/akshay.saroj/.m2/repository/org/jspecify/jspecify/1.0.0/jspecify-1.0.0.jar:/Users/akshay.saroj/.m2/repository/org/yaml/snakeyaml/2.4/snakeyaml-2.4.jar:/Users/akshay.saroj/.m2/repository/org/springframework/boot/spring-boot-starter-web/4.0.0-SNAPSHOT/spring-boot-starter-web-4.0.0-SNAPSHOT.jar:/Users/akshay.saroj/.m2/repository/org/springframework/boot/spring-boot-starter-json/4.0.0-SNAPSHOT/spring-boot-starter-json-4.0.0-SNAPSHOT.jar:/Users/akshay.saroj/.m2/repository/com/fasterxml/jackson/core/jackson-databind/2.19.1/jackson-databind-2.19.1.jar:/Users/akshay.saroj/.m2/repository/com/fasterxml/jackson/core/jackson-annotations/2.19.1/jackson-annotations-2.19.1.jar:/Users/akshay.saroj/.m2/repository/com/fasterxml/jackson/core/jackson-core/2.19.1/jackson-core-2.19.1.jar:/Users/akshay.saroj/.m2/repository/com/fasterxml/jackson/datatype/jackson-datatype-jdk8/2.19.1/jackson-datatype-jdk8-2.19.1.jar:/Users/akshay.saroj/.m2/repository/com/fasterxml/jackson/datatype/jackson-datatype-jsr310/2.19.1/jackson-datatype-jsr310-2.19.1.jar:/Users/akshay.saroj/.m2/repository/com/fasterxml/jackson/module/jackson-module-parameter-names/2.19.1/jackson-module-parameter-names-2.19.1.jar:/Users/akshay.saroj/.m2/repository/org/springframework/boot/spring-boot-starter-tomcat/4.0.0-SNAPSHOT/spring-boot-starter-tomcat-4.0.0-SNAPSHOT.jar:/Users/akshay.saroj/.m2/repository/org/apache/tomcat/embed/tomcat-embed-core/11.0.8/tomcat-embed-core-11.0.8.jar:/Users/akshay.saroj/.m2/repository/org/apache/tomcat/embed/tomcat-embed-websocket/11.0.8/tomcat-embed-websocket-11.0.8.jar:/Users/akshay.saroj/.m2/repository/org/springframework/spring-web/7.0.0-SNAPSHOT/spring-web-7.0.0-SNAPSHOT.jar:/Users/akshay.saroj/.m2/repository/org/springframework/spring-beans/7.0.0-SNAPSHOT/spring-beans-7.0.0-SNAPSHOT.jar:/Users/akshay.saroj/.m2/repository/org/springframework/spring-webmvc/7.0.0-SNAPSHOT/spring-webmvc-7.0.0-SNAPSHOT.jar:/Users/akshay.saroj/.m2/repository/org/springframework/spring-expression/7.0.0-SNAPSHOT/spring-expression-7.0.0-SNAPSHOT.jar:/Users/akshay.saroj/.m2/repository/org/springframework/kafka/spring-kafka/4.0.0-SNAPSHOT/spring-kafka-4.0.0-SNAPSHOT.jar:/Users/akshay.saroj/.m2/repository/org/springframework/spring-context/7.0.0-SNAPSHOT/spring-context-7.0.0-SNAPSHOT.jar:/Users/akshay.saroj/.m2/repository/org/springframework/spring-messaging/7.0.0-SNAPSHOT/spring-messaging-7.0.0-SNAPSHOT.jar:/Users/akshay.saroj/.m2/repository/org/springframework/spring-tx/7.0.0-SNAPSHOT/spring-tx-7.0.0-SNAPSHOT.jar:/Users/akshay.saroj/.m2/repository/org/apache/kafka/kafka-clients/4.0.0/kafka-clients-4.0.0.jar:/Users/akshay.saroj/.m2/repository/com/github/luben/zstd-jni/1.5.6-6/zstd-jni-1.5.6-6.jar:/Users/akshay.saroj/.m2/repository/org/lz4/lz4-java/1.8.0/lz4-java-1.8.0.jar:/Users/akshay.saroj/.m2/repository/org/xerial/snappy/snappy-java/1.1.10.5/snappy-java-1.1.10.5.jar:/Users/akshay.saroj/.m2/repository/org/slf4j/slf4j-api/2.0.17/slf4j-api-2.0.17.jar:/Users/akshay.saroj/.m2/repository/io/micrometer/micrometer-observation/1.15.1/micrometer-observation-1.15.1.jar:/Users/akshay.saroj/.m2/repository/io/micrometer/micrometer-commons/1.15.1/micrometer-commons-1.15.1.jar:/Users/akshay.saroj/.m2/repository/org/springframework/retry/spring-retry/2.0.12/spring-retry-2.0.12.jar:/Users/akshay.saroj/.m2/repository/org/springframework/boot/spring-boot-starter-aop/4.0.0-SNAPSHOT/spring-boot-starter-aop-4.0.0-SNAPSHOT.jar:/Users/akshay.saroj/.m2/repository/org/springframework/spring-aop/7.0.0-SNAPSHOT/spring-aop-7.0.0-SNAPSHOT.jar:/Users/akshay.saroj/.m2/repository/org/aspectj/aspectjweaver/1.9.24/aspectjweaver-1.9.24.jar:/Users/akshay.saroj/.m2/repository/org/springframework/boot/spring-boot-starter-validation/4.0.0-SNAPSHOT/spring-boot-starter-validation-4.0.0-SNAPSHOT.jar:/Users/akshay.saroj/.m2/repository/org/apache/tomcat/embed/tomcat-embed-el/11.0.8/tomcat-embed-el-11.0.8.jar:/Users/akshay.saroj/.m2/repository/org/hibernate/validator/hibernate-validator/9.0.1.Final/hibernate-validator-9.0.1.Final.jar:/Users/akshay.saroj/.m2/repository/jakarta/validation/jakarta.validation-api/3.1.1/jakarta.validation-api-3.1.1.jar:/Users/akshay.saroj/.m2/repository/org/jboss/logging/jboss-logging/3.6.1.Final/jboss-logging-3.6.1.Final.jar:/Users/akshay.saroj/.m2/repository/com/fasterxml/classmate/1.7.0/classmate-1.7.0.jar:/Users/akshay.saroj/.m2/repository/org/projectlombok/lombok/1.18.38/lombok-1.18.38.jar:/Users/akshay.saroj/.m2/repository/org/springframework/boot/spring-boot-starter-test/4.0.0-SNAPSHOT/spring-boot-starter-test-4.0.0-SNAPSHOT.jar:/Users/akshay.saroj/.m2/repository/org/springframework/boot/spring-boot-test/4.0.0-SNAPSHOT/spring-boot-test-4.0.0-SNAPSHOT.jar:/Users/akshay.saroj/.m2/repository/org/springframework/boot/spring-boot-test-autoconfigure/4.0.0-SNAPSHOT/spring-boot-test-autoconfigure-4.0.0-SNAPSHOT.jar:/Users/akshay.saroj/.m2/repository/com/jayway/jsonpath/json-path/2.9.0/json-path-2.9.0.jar:/Users/akshay.saroj/.m2/repository/jakarta/xml/bind/jakarta.xml.bind-api/4.0.2/jakarta.xml.bind-api-4.0.2.jar:/Users/akshay.saroj/.m2/repository/jakarta/activation/jakarta.activation-api/2.1.3/jakarta.activation-api-2.1.3.jar:/Users/akshay.saroj/.m2/repository/net/minidev/json-smart/2.5.2/json-smart-2.5.2.jar:/Users/akshay.saroj/.m2/repository/net/minidev/accessors-smart/2.5.2/accessors-smart-2.5.2.jar:/Users/akshay.saroj/.m2/repository/org/ow2/asm/asm/9.7.1/asm-9.7.1.jar:/Users/akshay.saroj/.m2/repository/org/assertj/assertj-core/3.27.3/assertj-core-3.27.3.jar:/Users/akshay.saroj/.m2/repository/net/bytebuddy/byte-buddy/1.17.6/byte-buddy-1.17.6.jar:/Users/akshay.saroj/.m2/repository/org/awaitility/awaitility/4.3.0/awaitility-4.3.0.jar:/Users/akshay.saroj/.m2/repository/org/hamcrest/hamcrest/3.0/hamcrest-3.0.jar:/Users/akshay.saroj/.m2/repository/org/junit/jupiter/junit-jupiter/5.13.1/junit-jupiter-5.13.1.jar:/Users/akshay.saroj/.m2/repository/org/junit/jupiter/junit-jupiter-api/5.13.1/junit-jupiter-api-5.13.1.jar:/Users/akshay.saroj/.m2/repository/org/opentest4j/opentest4j/1.3.0/opentest4j-1.3.0.jar:/Users/akshay.saroj/.m2/repository/org/junit/platform/junit-platform-commons/1.13.1/junit-platform-commons-1.13.1.jar:/Users/akshay.saroj/.m2/repository/org/apiguardian/apiguardian-api/1.1.2/apiguardian-api-1.1.2.jar:/Users/akshay.saroj/.m2/repository/org/junit/jupiter/junit-jupiter-params/5.13.1/junit-jupiter-params-5.13.1.jar:/Users/akshay.saroj/.m2/repository/org/junit/jupiter/junit-jupiter-engine/5.13.1/junit-jupiter-engine-5.13.1.jar:/Users/akshay.saroj/.m2/repository/org/junit/platform/junit-platform-engine/1.13.1/junit-platform-engine-1.13.1.jar:/Users/akshay.saroj/.m2/repository/org/mockito/mockito-core/5.17.0/mockito-core-5.17.0.jar:/Users/akshay.saroj/.m2/repository/net/bytebuddy/byte-buddy-agent/1.17.6/byte-buddy-agent-1.17.6.jar:/Users/akshay.saroj/.m2/repository/org/objenesis/objenesis/3.3/objenesis-3.3.jar:/Users/akshay.saroj/.m2/repository/org/mockito/mockito-junit-jupiter/5.17.0/mockito-junit-jupiter-5.17.0.jar:/Users/akshay.saroj/.m2/repository/org/skyscreamer/jsonassert/1.5.3/jsonassert-1.5.3.jar:/Users/akshay.saroj/.m2/repository/com/vaadin/external/google/android-json/0.0.20131108.vaadin1/android-json-0.0.20131108.vaadin1.jar:/Users/akshay.saroj/.m2/repository/org/springframework/spring-test/7.0.0-SNAPSHOT/spring-test-7.0.0-SNAPSHOT.jar:/Users/akshay.saroj/.m2/repository/org/xmlunit/xmlunit-core/2.10.2/xmlunit-core-2.10.2.jar:"/>
    <property name="java.vm.vendor" value="Amazon.com Inc."/>
    <property name="sun.arch.data.model" value="64"/>
    <property name="java.vendor.url" value="https://aws.amazon.com/corretto/"/>
    <property name="user.timezone" value="Europe/Berlin"/>
    <property name="org.jboss.logging.provider" value="slf4j"/>
    <property name="os.name" value="Mac OS X"/>
    <property name="java.vm.specification.version" value="21"/>
    <property name="APPLICATION_NAME" value="event-tracker"/>
    <property name="sun.java.launcher" value="SUN_STANDARD"/>
    <property name="user.country" value="GB"/>
    <property name="sun.boot.library.path" value="/Users/akshay.saroj/Library/Java/JavaVirtualMachines/corretto-21.0.5/Contents/Home/lib"/>
    <property name="sun.java.command" value="/Users/akshay.saroj/Downloads/event-tracker/target/surefire/surefirebooter-20250630024217379_3.jar /Users/akshay.saroj/Downloads/event-tracker/target/surefire 2025-06-30T02-42-17_333-jvmRun1 surefire-20250630024217379_1tmp surefire_0-20250630024217379_2tmp"/>
    <property name="jdk.debug" value="release"/>
    <property name="surefire.test.class.path" value="/Users/akshay.saroj/Downloads/event-tracker/target/test-classes:/Users/akshay.saroj/Downloads/event-tracker/target/classes:/Users/akshay.saroj/.m2/repository/org/springframework/boot/spring-boot-starter/4.0.0-SNAPSHOT/spring-boot-starter-4.0.0-SNAPSHOT.jar:/Users/akshay.saroj/.m2/repository/org/springframework/boot/spring-boot/4.0.0-SNAPSHOT/spring-boot-4.0.0-SNAPSHOT.jar:/Users/akshay.saroj/.m2/repository/org/springframework/boot/spring-boot-autoconfigure/4.0.0-SNAPSHOT/spring-boot-autoconfigure-4.0.0-SNAPSHOT.jar:/Users/akshay.saroj/.m2/repository/org/springframework/boot/spring-boot-starter-logging/4.0.0-SNAPSHOT/spring-boot-starter-logging-4.0.0-SNAPSHOT.jar:/Users/akshay.saroj/.m2/repository/ch/qos/logback/logback-classic/1.5.18/logback-classic-1.5.18.jar:/Users/akshay.saroj/.m2/repository/ch/qos/logback/logback-core/1.5.18/logback-core-1.5.18.jar:/Users/akshay.saroj/.m2/repository/org/apache/logging/log4j/log4j-to-slf4j/2.24.3/log4j-to-slf4j-2.24.3.jar:/Users/akshay.saroj/.m2/repository/org/apache/logging/log4j/log4j-api/2.24.3/log4j-api-2.24.3.jar:/Users/akshay.saroj/.m2/repository/org/slf4j/jul-to-slf4j/2.0.17/jul-to-slf4j-2.0.17.jar:/Users/akshay.saroj/.m2/repository/jakarta/annotation/jakarta.annotation-api/3.0.0/jakarta.annotation-api-3.0.0.jar:/Users/akshay.saroj/.m2/repository/org/springframework/spring-core/7.0.0-SNAPSHOT/spring-core-7.0.0-SNAPSHOT.jar:/Users/akshay.saroj/.m2/repository/commons-logging/commons-logging/1.3.5/commons-logging-1.3.5.jar:/Users/akshay.saroj/.m2/repository/org/jspecify/jspecify/1.0.0/jspecify-1.0.0.jar:/Users/akshay.saroj/.m2/repository/org/yaml/snakeyaml/2.4/snakeyaml-2.4.jar:/Users/akshay.saroj/.m2/repository/org/springframework/boot/spring-boot-starter-web/4.0.0-SNAPSHOT/spring-boot-starter-web-4.0.0-SNAPSHOT.jar:/Users/akshay.saroj/.m2/repository/org/springframework/boot/spring-boot-starter-json/4.0.0-SNAPSHOT/spring-boot-starter-json-4.0.0-SNAPSHOT.jar:/Users/akshay.saroj/.m2/repository/com/fasterxml/jackson/core/jackson-databind/2.19.1/jackson-databind-2.19.1.jar:/Users/akshay.saroj/.m2/repository/com/fasterxml/jackson/core/jackson-annotations/2.19.1/jackson-annotations-2.19.1.jar:/Users/akshay.saroj/.m2/repository/com/fasterxml/jackson/core/jackson-core/2.19.1/jackson-core-2.19.1.jar:/Users/akshay.saroj/.m2/repository/com/fasterxml/jackson/datatype/jackson-datatype-jdk8/2.19.1/jackson-datatype-jdk8-2.19.1.jar:/Users/akshay.saroj/.m2/repository/com/fasterxml/jackson/datatype/jackson-datatype-jsr310/2.19.1/jackson-datatype-jsr310-2.19.1.jar:/Users/akshay.saroj/.m2/repository/com/fasterxml/jackson/module/jackson-module-parameter-names/2.19.1/jackson-module-parameter-names-2.19.1.jar:/Users/akshay.saroj/.m2/repository/org/springframework/boot/spring-boot-starter-tomcat/4.0.0-SNAPSHOT/spring-boot-starter-tomcat-4.0.0-SNAPSHOT.jar:/Users/akshay.saroj/.m2/repository/org/apache/tomcat/embed/tomcat-embed-core/11.0.8/tomcat-embed-core-11.0.8.jar:/Users/akshay.saroj/.m2/repository/org/apache/tomcat/embed/tomcat-embed-websocket/11.0.8/tomcat-embed-websocket-11.0.8.jar:/Users/akshay.saroj/.m2/repository/org/springframework/spring-web/7.0.0-SNAPSHOT/spring-web-7.0.0-SNAPSHOT.jar:/Users/akshay.saroj/.m2/repository/org/springframework/spring-beans/7.0.0-SNAPSHOT/spring-beans-7.0.0-SNAPSHOT.jar:/Users/akshay.saroj/.m2/repository/org/springframework/spring-webmvc/7.0.0-SNAPSHOT/spring-webmvc-7.0.0-SNAPSHOT.jar:/Users/akshay.saroj/.m2/repository/org/springframework/spring-expression/7.0.0-SNAPSHOT/spring-expression-7.0.0-SNAPSHOT.jar:/Users/akshay.saroj/.m2/repository/org/springframework/kafka/spring-kafka/4.0.0-SNAPSHOT/spring-kafka-4.0.0-SNAPSHOT.jar:/Users/akshay.saroj/.m2/repository/org/springframework/spring-context/7.0.0-SNAPSHOT/spring-context-7.0.0-SNAPSHOT.jar:/Users/akshay.saroj/.m2/repository/org/springframework/spring-messaging/7.0.0-SNAPSHOT/spring-messaging-7.0.0-SNAPSHOT.jar:/Users/akshay.saroj/.m2/repository/org/springframework/spring-tx/7.0.0-SNAPSHOT/spring-tx-7.0.0-SNAPSHOT.jar:/Users/akshay.saroj/.m2/repository/org/apache/kafka/kafka-clients/4.0.0/kafka-clients-4.0.0.jar:/Users/akshay.saroj/.m2/repository/com/github/luben/zstd-jni/1.5.6-6/zstd-jni-1.5.6-6.jar:/Users/akshay.saroj/.m2/repository/org/lz4/lz4-java/1.8.0/lz4-java-1.8.0.jar:/Users/akshay.saroj/.m2/repository/org/xerial/snappy/snappy-java/1.1.10.5/snappy-java-1.1.10.5.jar:/Users/akshay.saroj/.m2/repository/org/slf4j/slf4j-api/2.0.17/slf4j-api-2.0.17.jar:/Users/akshay.saroj/.m2/repository/io/micrometer/micrometer-observation/1.15.1/micrometer-observation-1.15.1.jar:/Users/akshay.saroj/.m2/repository/io/micrometer/micrometer-commons/1.15.1/micrometer-commons-1.15.1.jar:/Users/akshay.saroj/.m2/repository/org/springframework/retry/spring-retry/2.0.12/spring-retry-2.0.12.jar:/Users/akshay.saroj/.m2/repository/org/springframework/boot/spring-boot-starter-aop/4.0.0-SNAPSHOT/spring-boot-starter-aop-4.0.0-SNAPSHOT.jar:/Users/akshay.saroj/.m2/repository/org/springframework/spring-aop/7.0.0-SNAPSHOT/spring-aop-7.0.0-SNAPSHOT.jar:/Users/akshay.saroj/.m2/repository/org/aspectj/aspectjweaver/1.9.24/aspectjweaver-1.9.24.jar:/Users/akshay.saroj/.m2/repository/org/springframework/boot/spring-boot-starter-validation/4.0.0-SNAPSHOT/spring-boot-starter-validation-4.0.0-SNAPSHOT.jar:/Users/akshay.saroj/.m2/repository/org/apache/tomcat/embed/tomcat-embed-el/11.0.8/tomcat-embed-el-11.0.8.jar:/Users/akshay.saroj/.m2/repository/org/hibernate/validator/hibernate-validator/9.0.1.Final/hibernate-validator-9.0.1.Final.jar:/Users/akshay.saroj/.m2/repository/jakarta/validation/jakarta.validation-api/3.1.1/jakarta.validation-api-3.1.1.jar:/Users/akshay.saroj/.m2/repository/org/jboss/logging/jboss-logging/3.6.1.Final/jboss-logging-3.6.1.Final.jar:/Users/akshay.saroj/.m2/repository/com/fasterxml/classmate/1.7.0/classmate-1.7.0.jar:/Users/akshay.saroj/.m2/repository/org/projectlombok/lombok/1.18.38/lombok-1.18.38.jar:/Users/akshay.saroj/.m2/repository/org/springframework/boot/spring-boot-starter-test/4.0.0-SNAPSHOT/spring-boot-starter-test-4.0.0-SNAPSHOT.jar:/Users/akshay.saroj/.m2/repository/org/springframework/boot/spring-boot-test/4.0.0-SNAPSHOT/spring-boot-test-4.0.0-SNAPSHOT.jar:/Users/akshay.saroj/.m2/repository/org/springframework/boot/spring-boot-test-autoconfigure/4.0.0-SNAPSHOT/spring-boot-test-autoconfigure-4.0.0-SNAPSHOT.jar:/Users/akshay.saroj/.m2/repository/com/jayway/jsonpath/json-path/2.9.0/json-path-2.9.0.jar:/Users/akshay.saroj/.m2/repository/jakarta/xml/bind/jakarta.xml.bind-api/4.0.2/jakarta.xml.bind-api-4.0.2.jar:/Users/akshay.saroj/.m2/repository/jakarta/activation/jakarta.activation-api/2.1.3/jakarta.activation-api-2.1.3.jar:/Users/akshay.saroj/.m2/repository/net/minidev/json-smart/2.5.2/json-smart-2.5.2.jar:/Users/akshay.saroj/.m2/repository/net/minidev/accessors-smart/2.5.2/accessors-smart-2.5.2.jar:/Users/akshay.saroj/.m2/repository/org/ow2/asm/asm/9.7.1/asm-9.7.1.jar:/Users/akshay.saroj/.m2/repository/org/assertj/assertj-core/3.27.3/assertj-core-3.27.3.jar:/Users/akshay.saroj/.m2/repository/net/bytebuddy/byte-buddy/1.17.6/byte-buddy-1.17.6.jar:/Users/akshay.saroj/.m2/repository/org/awaitility/awaitility/4.3.0/awaitility-4.3.0.jar:/Users/akshay.saroj/.m2/repository/org/hamcrest/hamcrest/3.0/hamcrest-3.0.jar:/Users/akshay.saroj/.m2/repository/org/junit/jupiter/junit-jupiter/5.13.1/junit-jupiter-5.13.1.jar:/Users/akshay.saroj/.m2/repository/org/junit/jupiter/junit-jupiter-api/5.13.1/junit-jupiter-api-5.13.1.jar:/Users/akshay.saroj/.m2/repository/org/opentest4j/opentest4j/1.3.0/opentest4j-1.3.0.jar:/Users/akshay.saroj/.m2/repository/org/junit/platform/junit-platform-commons/1.13.1/junit-platform-commons-1.13.1.jar:/Users/akshay.saroj/.m2/repository/org/apiguardian/apiguardian-api/1.1.2/apiguardian-api-1.1.2.jar:/Users/akshay.saroj/.m2/repository/org/junit/jupiter/junit-jupiter-params/5.13.1/junit-jupiter-params-5.13.1.jar:/Users/akshay.saroj/.m2/repository/org/junit/jupiter/junit-jupiter-engine/5.13.1/junit-jupiter-engine-5.13.1.jar:/Users/akshay.saroj/.m2/repository/org/junit/platform/junit-platform-engine/1.13.1/junit-platform-engine-1.13.1.jar:/Users/akshay.saroj/.m2/repository/org/mockito/mockito-core/5.17.0/mockito-core-5.17.0.jar:/Users/akshay.saroj/.m2/repository/net/bytebuddy/byte-buddy-agent/1.17.6/byte-buddy-agent-1.17.6.jar:/Users/akshay.saroj/.m2/repository/org/objenesis/objenesis/3.3/objenesis-3.3.jar:/Users/akshay.saroj/.m2/repository/org/mockito/mockito-junit-jupiter/5.17.0/mockito-junit-jupiter-5.17.0.jar:/Users/akshay.saroj/.m2/repository/org/skyscreamer/jsonassert/1.5.3/jsonassert-1.5.3.jar:/Users/akshay.saroj/.m2/repository/com/vaadin/external/google/android-json/0.0.20131108.vaadin1/android-json-0.0.20131108.vaadin1.jar:/Users/akshay.saroj/.m2/repository/org/springframework/spring-test/7.0.0-SNAPSHOT/spring-test-7.0.0-SNAPSHOT.jar:/Users/akshay.saroj/.m2/repository/org/xmlunit/xmlunit-core/2.10.2/xmlunit-core-2.10.2.jar:"/>
    <property name="sun.cpu.endian" value="little"/>
    <property name="user.home" value="/Users/akshay.saroj"/>
    <property name="user.language" value="en"/>
    <property name="java.specification.vendor" value="Oracle Corporation"/>
    <property name="java.version.date" value="2024-10-15"/>
    <property name="java.home" value="/Users/akshay.saroj/Library/Java/JavaVirtualMachines/corretto-21.0.5/Contents/Home"/>
    <property name="file.separator" value="/"/>
    <property name="basedir" value="/Users/akshay.saroj/Downloads/event-tracker"/>
    <property name="java.vm.compressedOopsMode" value="Zero based"/>
    <property name="line.separator" value="&#10;"/>
    <property name="java.vm.specification.vendor" value="Oracle Corporation"/>
    <property name="java.specification.name" value="Java Platform API Specification"/>
    <property name="FILE_LOG_CHARSET" value="UTF-8"/>
    <property name="java.awt.headless" value="true"/>
    <property name="apple.awt.application.name" value="ForkedBooter"/>
    <property name="surefire.real.class.path" value="/Users/akshay.saroj/Downloads/event-tracker/target/surefire/surefirebooter-20250630024217379_3.jar"/>
    <property name="sun.management.compiler" value="HotSpot 64-Bit Tiered Compilers"/>
    <property name="java.runtime.version" value="21.0.5+11-LTS"/>
    <property name="user.name" value="akshay.saroj"/>
    <property name="stdout.encoding" value="UTF-8"/>
    <property name="path.separator" value=":"/>
    <property name="os.version" value="15.5"/>
    <property name="java.runtime.name" value="OpenJDK Runtime Environment"/>
    <property name="file.encoding" value="UTF-8"/>
    <property name="java.vm.name" value="OpenJDK 64-Bit Server VM"/>
    <property name="java.vendor.version" value="Corretto-21.0.5.11.1"/>
    <property name="localRepository" value="/Users/akshay.saroj/.m2/repository"/>
    <property name="java.vendor.url.bug" value="https://github.com/corretto/corretto-21/issues/"/>
    <property name="java.io.tmpdir" value="/var/folders/9b/t85rnqb128jc0mwcpbqj34xw0000gp/T/"/>
    <property name="java.version" value="21.0.5"/>
    <property name="user.dir" value="/Users/akshay.saroj/Downloads/event-tracker"/>
    <property name="os.arch" value="aarch64"/>
    <property name="java.vm.specification.name" value="Java Virtual Machine Specification"/>
    <property name="PID" value="97425"/>
    <property name="CONSOLE_LOG_CHARSET" value="UTF-8"/>
    <property name="native.encoding" value="UTF-8"/>
    <property name="java.library.path" value="/Users/akshay.saroj/Library/Java/Extensions:/Library/Java/Extensions:/Network/Library/Java/Extensions:/System/Library/Java/Extensions:/usr/lib/java:."/>
    <property name="java.vm.info" value="mixed mode, sharing"/>
    <property name="stderr.encoding" value="UTF-8"/>
    <property name="java.vendor" value="Amazon.com Inc."/>
    <property name="java.vm.version" value="21.0.5+11-LTS"/>
    <property name="sun.io.unicode.encoding" value="UnicodeBig"/>
    <property name="java.class.version" value="65.0"/>
    <property name="LOGGED_APPLICATION_NAME" value="[event-tracker] "/>
  </properties>
  <testcase name="contextLoads" classname="com.sportygroup.EventTrackerApplicationTests" time="0.003">
    <system-out><![CDATA[2025-06-30T02:42:25.752+02:00  INFO 97425 --- [event-tracker] [           main] t.c.s.AnnotationConfigContextLoaderUtils : Could not detect default configuration classes for test class [com.sportygroup.EventTrackerApplicationTests]: EventTrackerApplicationTests does not declare any static, non-private, non-final, nested classes annotated with @Configuration.
2025-06-30T02:42:25.755+02:00  INFO 97425 --- [event-tracker] [           main] .b.t.c.SpringBootTestContextBootstrapper : Found @SpringBootConfiguration com.sportygroup.EventTrackerApplication for test class com.sportygroup.EventTrackerApplicationTests

  .   ____          _            __ _ _
 /\\ / ___'_ __ _ _(_)_ __  __ _ \ \ \ \
( ( )\___ | '_ | '_| | '_ \/ _` | \ \ \ \
 \\/  ___)| |_)| | | | | || (_| |  ) ) ) )
  '  |____| .__|_| |_|_| |_\__, | / / / /
 =========|_|==============|___/=/_/_/_/

 :: Spring Boot ::       (v4.0.0-SNAPSHOT)

2025-06-30T02:42:25.766+02:00  INFO 97425 --- [event-tracker] [           main] c.s.EventTrackerApplicationTests         : Starting EventTrackerApplicationTests using Java 21.0.5 with PID 97425 (started by akshay.saroj in /Users/akshay.saroj/Downloads/event-tracker)
2025-06-30T02:42:25.766+02:00  INFO 97425 --- [event-tracker] [           main] c.s.EventTrackerApplicationTests         : No active profile set, falling back to 1 default profile: "default"
2025-06-30T02:42:25.777+02:00  INFO 97425 --- [event-tracker] [pool-4-thread-1] o.a.kafka.common.config.AbstractConfig   : ProducerConfig values: 
	acks = -1
	batch.size = 16384
	bootstrap.servers = [localhost:9092]
	buffer.memory = 33554432
	client.dns.lookup = use_all_dns_ips
	client.id = event-tracker-producer-1
	compression.gzip.level = -1
	compression.lz4.level = 9
	compression.type = none
	compression.zstd.level = 3
	connections.max.idle.ms = 540000
	delivery.timeout.ms = 120000
	enable.idempotence = true
	enable.metrics.push = true
	interceptor.classes = []
	key.serializer = class org.apache.kafka.common.serialization.StringSerializer
	linger.ms = 5
	max.block.ms = 60000
	max.in.flight.requests.per.connection = 5
	max.request.size = 1048576
	metadata.max.age.ms = 300000
	metadata.max.idle.ms = 300000
	metadata.recovery.rebootstrap.trigger.ms = 300000
	metadata.recovery.strategy = rebootstrap
	metric.reporters = [org.apache.kafka.common.metrics.JmxReporter]
	metrics.num.samples = 2
	metrics.recording.level = INFO
	metrics.sample.window.ms = 30000
	partitioner.adaptive.partitioning.enable = true
	partitioner.availability.timeout.ms = 0
	partitioner.class = null
	partitioner.ignore.keys = false
	receive.buffer.bytes = 32768
	reconnect.backoff.max.ms = 1000
	reconnect.backoff.ms = 50
	request.timeout.ms = 30000
	retries = 2147483647
	retry.backoff.max.ms = 1000
	retry.backoff.ms = 100
	sasl.client.callback.handler.class = null
	sasl.jaas.config = null
	sasl.kerberos.kinit.cmd = /usr/bin/kinit
	sasl.kerberos.min.time.before.relogin = 60000
	sasl.kerberos.service.name = null
	sasl.kerberos.ticket.renew.jitter = 0.05
	sasl.kerberos.ticket.renew.window.factor = 0.8
	sasl.login.callback.handler.class = null
	sasl.login.class = null
	sasl.login.connect.timeout.ms = null
	sasl.login.read.timeout.ms = null
	sasl.login.refresh.buffer.seconds = 300
	sasl.login.refresh.min.period.seconds = 60
	sasl.login.refresh.window.factor = 0.8
	sasl.login.refresh.window.jitter = 0.05
	sasl.login.retry.backoff.max.ms = 10000
	sasl.login.retry.backoff.ms = 100
	sasl.mechanism = GSSAPI
	sasl.oauthbearer.clock.skew.seconds = 30
	sasl.oauthbearer.expected.audience = null
	sasl.oauthbearer.expected.issuer = null
	sasl.oauthbearer.header.urlencode = false
	sasl.oauthbearer.jwks.endpoint.refresh.ms = 3600000
	sasl.oauthbearer.jwks.endpoint.retry.backoff.max.ms = 10000
	sasl.oauthbearer.jwks.endpoint.retry.backoff.ms = 100
	sasl.oauthbearer.jwks.endpoint.url = null
	sasl.oauthbearer.scope.claim.name = scope
	sasl.oauthbearer.sub.claim.name = sub
	sasl.oauthbearer.token.endpoint.url = null
	security.protocol = PLAINTEXT
	security.providers = null
	send.buffer.bytes = 131072
	socket.connection.setup.timeout.max.ms = 30000
	socket.connection.setup.timeout.ms = 10000
	ssl.cipher.suites = null
	ssl.enabled.protocols = [TLSv1.2, TLSv1.3]
	ssl.endpoint.identification.algorithm = https
	ssl.engine.factory.class = null
	ssl.key.password = null
	ssl.keymanager.algorithm = SunX509
	ssl.keystore.certificate.chain = null
	ssl.keystore.key = null
	ssl.keystore.location = null
	ssl.keystore.password = null
	ssl.keystore.type = JKS
	ssl.protocol = TLSv1.3
	ssl.provider = null
	ssl.secure.random.implementation = null
	ssl.trustmanager.algorithm = PKIX
	ssl.truststore.certificates = null
	ssl.truststore.location = null
	ssl.truststore.password = null
	ssl.truststore.type = JKS
	transaction.timeout.ms = 60000
	transactional.id = null
	value.serializer = class org.apache.kafka.common.serialization.StringSerializer

2025-06-30T02:42:25.796+02:00  INFO 97425 --- [event-tracker] [pool-4-thread-1] o.a.k.c.t.i.KafkaMetricsCollector        : initializing Kafka metrics collector
2025-06-30T02:42:25.848+02:00  INFO 97425 --- [event-tracker] [pool-4-thread-1] o.a.k.clients.producer.KafkaProducer     : [Producer clientId=event-tracker-producer-1] Instantiated an idempotent producer.
2025-06-30T02:42:25.872+02:00  INFO 97425 --- [event-tracker] [pool-4-thread-1] o.a.kafka.common.utils.AppInfoParser     : Kafka version: 4.0.0
2025-06-30T02:42:25.872+02:00  INFO 97425 --- [event-tracker] [pool-4-thread-1] o.a.kafka.common.utils.AppInfoParser     : Kafka commitId: 985bc99521dd22bb
2025-06-30T02:42:25.872+02:00  INFO 97425 --- [event-tracker] [pool-4-thread-1] o.a.kafka.common.utils.AppInfoParser     : Kafka startTimeMs: 1751244145871
2025-06-30T02:42:25.902+02:00  INFO 97425 --- [event-tracker] [           main] c.s.EventTrackerApplicationTests         : Started EventTrackerApplicationTests in 0.145 seconds (process running for 8.446)
]]></system-out>
  </testcase>
</testsuite>