<?xml version="1.0" encoding="UTF-8"?>
<testsuite xmlns:xsi="http://www.w3.org/2001/XMLSchema-instance" xsi:noNamespaceSchemaLocation="https://maven.apache.org/surefire/maven-surefire-plugin/xsd/surefire-test-report.xsd" version="3.0.2" name="com.sportygroup.service.EventServiceTest" time="2.476" tests="3" errors="0" skipped="0" failures="0">
  <properties>
    <property name="java.specification.version" value="21"/>
    <property name="sun.jnu.encoding" value="UTF-8"/>
    <property name="java.class.path" value="/Users/akshay.saroj/Downloads/event-tracker/target/test-classes:/Users/akshay.saroj/Downloads/event-tracker/target/classes:/Users/akshay.saroj/.m2/repository/org/springframework/boot/spring-boot-starter/4.0.0-SNAPSHOT/spring-boot-starter-4.0.0-SNAPSHOT.jar:/Users/akshay.saroj/.m2/repository/org/springframework/boot/spring-boot/4.0.0-SNAPSHOT/spring-boot-4.0.0-SNAPSHOT.jar:/Users/akshay.saroj/.m2/repository/org/springframework/boot/spring-boot-autoconfigure/4.0.0-SNAPSHOT/spring-boot-autoconfigure-4.0.0-SNAPSHOT.jar:/Users/akshay.saroj/.m2/repository/org/springframework/boot/spring-boot-starter-logging/4.0.0-SNAPSHOT/spring-boot-starter-logging-4.0.0-SNAPSHOT.jar:/Users/akshay.saroj/.m2/repository/ch/qos/logback/logback-classic/1.5.18/logback-classic-1.5.18.jar:/Users/akshay.saroj/.m2/repository/ch/qos/logback/logback-core/1.5.18/logback-core-1.5.18.jar:/Users/akshay.saroj/.m2/repository/org/apache/logging/log4j/log4j-to-slf4j/2.24.3/log4j-to-slf4j-2.24.3.jar:/Users/akshay.saroj/.m2/repository/org/apache/logging/log4j/log4j-api/2.24.3/log4j-api-2.24.3.jar:/Users/akshay.saroj/.m2/repository/org/slf4j/jul-to-slf4j/2.0.17/jul-to-slf4j-2.0.17.jar:/Users/akshay.saroj/.m2/repository/jakarta/annotation/jakarta.annotation-api/3.0.0/jakarta.annotation-api-3.0.0.jar:/Users/akshay.saroj/.m2/repository/org/springframework/spring-core/7.0.0-SNAPSHOT/spring-core-7.0.0-SNAPSHOT.jar:/Users/akshay.saroj/.m2/repository/commons-logging/commons-logging/1.3.5/commons-logging-1.3.5.jar:/Users/akshay.saroj/.m2/repository/org/jspecify/jspecify/1.0.0/jspecify-1.0.0.jar:/Users/akshay.saroj/.m2/repository/org/yaml/snakeyaml/2.4/snakeyaml-2.4.jar:/Users/akshay.saroj/.m2/repository/org/springframework/boot/spring-boot-starter-web/4.0.0-SNAPSHOT/spring-boot-starter-web-4.0.0-SNAPSHOT.jar:/Users/akshay.saroj/.m2/repository/org/springframework/boot/spring-boot-starter-json/4.0.0-SNAPSHOT/spring-boot-starter-json-4.0.0-SNAPSHOT.jar:/Users/akshay.saroj/.m2/repository/com/fasterxml/jackson/core/jackson-databind/2.19.1/jackson-databind-2.19.1.jar:/Users/akshay.saroj/.m2/repository/com/fasterxml/jackson/core/jackson-annotations/2.19.1/jackson-annotations-2.19.1.jar:/Users/akshay.saroj/.m2/repository/com/fasterxml/jackson/core/jackson-core/2.19.1/jackson-core-2.19.1.jar:/Users/akshay.saroj/.m2/repository/com/fasterxml/jackson/datatype/jackson-datatype-jdk8/2.19.1/jackson-datatype-jdk8-2.19.1.jar:/Users/akshay.saroj/.m2/repository/com/fasterxml/jackson/datatype/jackson-datatype-jsr310/2.19.1/jackson-datatype-jsr310-2.19.1.jar:/Users/akshay.saroj/.m2/repository/com/fasterxml/jackson/module/jackson-module-parameter-names/2.19.1/jackson-module-parameter-names-2.19.1.jar:/Users/akshay.saroj/.m2/repository/org/springframework/boot/spring-boot-starter-tomcat/4.0.0-SNAPSHOT/spring-boot-starter-tomcat-4.0.0-SNAPSHOT.jar:/Users/akshay.saroj/.m2/repository/org/apache/tomcat/embed/tomcat-embed-core/11.0.8/tomcat-embed-core-11.0.8.jar:/Users/akshay.saroj/.m2/repository/org/apache/tomcat/embed/tomcat-embed-websocket/11.0.8/tomcat-embed-websocket-11.0.8.jar:/Users/akshay.saroj/.m2/repository/org/springframework/spring-web/7.0.0-SNAPSHOT/spring-web-7.0.0-SNAPSHOT.jar:/Users/akshay.saroj/.m2/repository/org/springframework/spring-beans/7.0.0-SNAPSHOT/spring-beans-7.0.0-SNAPSHOT.jar:/Users/akshay.saroj/.m2/repository/org/springframework/spring-webmvc/7.0.0-SNAPSHOT/spring-webmvc-7.0.0-SNAPSHOT.jar:/Users/akshay.saroj/.m2/repository/org/springframework/spring-expression/7.0.0-SNAPSHOT/spring-expression-7.0.0-SNAPSHOT.jar:/Users/akshay.saroj/.m2/repository/org/springframework/kafka/spring-kafka/4.0.0-SNAPSHOT/spring-kafka-4.0.0-SNAPSHOT.jar:/Users/akshay.saroj/.m2/repository/org/springframework/spring-context/7.0.0-SNAPSHOT/spring-context-7.0.0-SNAPSHOT.jar:/Users/akshay.saroj/.m2/repository/org/springframework/spring-messaging/7.0.0-SNAPSHOT/spring-messaging-7.0.0-SNAPSHOT.jar:/Users/akshay.saroj/.m2/repository/org/springframework/spring-tx/7.0.0-SNAPSHOT/spring-tx-7.0.0-SNAPSHOT.jar:/Users/akshay.saroj/.m2/repository/org/apache/kafka/kafka-clients/4.0.0/kafka-clients-4.0.0.jar:/Users/akshay.saroj/.m2/repository/com/github/luben/zstd-jni/1.5.6-6/zstd-jni-1.5.6-6.jar:/Users/akshay.saroj/.m2/repository/org/lz4/lz4-java/1.8.0/lz4-java-1.8.0.jar:/Users/akshay.saroj/.m2/repository/org/xerial/snappy/snappy-java/1.1.10.5/snappy-java-1.1.10.5.jar:/Users/akshay.saroj/.m2/repository/org/slf4j/slf4j-api/2.0.17/slf4j-api-2.0.17.jar:/Users/akshay.saroj/.m2/repository/io/micrometer/micrometer-observation/1.15.1/micrometer-observation-1.15.1.jar:/Users/akshay.saroj/.m2/repository/io/micrometer/micrometer-commons/1.15.1/micrometer-commons-1.15.1.jar:/Users/akshay.saroj/.m2/repository/org/springframework/retry/spring-retry/2.0.12/spring-retry-2.0.12.jar:/Users/akshay.saroj/.m2/repository/org/springframework/boot/spring-boot-starter-aop/4.0.0-SNAPSHOT/spring-boot-starter-aop-4.0.0-SNAPSHOT.jar:/Users/akshay.saroj/.m2/repository/org/springframework/spring-aop/7.0.0-SNAPSHOT/spring-aop-7.0.0-SNAPSHOT.jar:/Users/akshay.saroj/.m2/repository/org/aspectj/aspectjweaver/1.9.24/aspectjweaver-1.9.24.jar:/Users/akshay.saroj/.m2/repository/org/springframework/boot/spring-boot-starter-validation/4.0.0-SNAPSHOT/spring-boot-starter-validation-4.0.0-SNAPSHOT.jar:/Users/akshay.saroj/.m2/repository/org/apache/tomcat/embed/tomcat-embed-el/11.0.8/tomcat-embed-el-11.0.8.jar:/Users/akshay.saroj/.m2/repository/org/hibernate/validator/hibernate-validator/9.0.1.Final/hibernate-validator-9.0.1.Final.jar:/Users/akshay.saroj/.m2/repository/jakarta/validation/jakarta.validation-api/3.1.1/jakarta.validation-api-3.1.1.jar:/Users/akshay.saroj/.m2/repository/org/jboss/logging/jboss-logging/3.6.1.Final/jboss-logging-3.6.1.Final.jar:/Users/akshay.saroj/.m2/repository/com/fasterxml/classmate/1.7.0/classmate-1.7.0.jar:/Users/akshay.saroj/.m2/repository/org/projectlombok/lombok/1.18.38/lombok-1.18.38.jar:/Users/akshay.saroj/.m2/repository/org/springframework/boot/spring-boot-starter-test/4.0.0-SNAPSHOT/spring-boot-starter-test-4.0.0-SNAPSHOT.jar:/Users/akshay.saroj/.m2/repository/org/springframework/boot/spring-boot-test/4.0.0-SNAPSHOT/spring-boot-test-4.0.0-SNAPSHOT.jar:/Users/akshay.saroj/.m2/repository/org/springframework/boot/spring-boot-test-autoconfigure/4.0.0-SNAPSHOT/spring-boot-test-autoconfigure-4.0.0-SNAPSHOT.jar:/Users/akshay.saroj/.m2/repository/com/jayway/jsonpath/json-path/2.9.0/json-path-2.9.0.jar:/Users/akshay.saroj/.m2/repository/jakarta/xml/bind/jakarta.xml.bind-api/4.0.2/jakarta.xml.bind-api-4.0.2.jar:/Users/akshay.saroj/.m2/repository/jakarta/activation/jakarta.activation-api/2.1.3/jakarta.activation-api-2.1.3.jar:/Users/akshay.saroj/.m2/repository/net/minidev/json-smart/2.5.2/json-smart-2.5.2.jar:/Users/akshay.saroj/.m2/repository/net/minidev/accessors-smart/2.5.2/accessors-smart-2.5.2.jar:/Users/akshay.saroj/.m2/repository/org/ow2/asm/asm/9.7.1/asm-9.7.1.jar:/Users/akshay.saroj/.m2/repository/org/assertj/assertj-core/3.27.3/assertj-core-3.27.3.jar:/Users/akshay.saroj/.m2/repository/net/bytebuddy/byte-buddy/1.17.6/byte-buddy-1.17.6.jar:/Users/akshay.saroj/.m2/repository/org/awaitility/awaitility/4.3.0/awaitility-4.3.0.jar:/Users/akshay.saroj/.m2/repository/org/hamcrest/hamcrest/3.0/hamcrest-3.0.jar:/Users/akshay.saroj/.m2/repository/org/junit/jupiter/junit-jupiter/5.13.1/junit-jupiter-5.13.1.jar:/Users/akshay.saroj/.m2/repository/org/junit/jupiter/junit-jupiter-api/5.13.1/junit-jupiter-api-5.13.1.jar:/Users/akshay.saroj/.m2/repository/org/opentest4j/opentest4j/1.3.0/opentest4j-1.3.0.jar:/Users/akshay.saroj/.m2/repository/org/junit/platform/junit-platform-commons/1.13.1/junit-platform-commons-1.13.1.jar:/Users/akshay.saroj/.m2/repository/org/apiguardian/apiguardian-api/1.1.2/apiguardian-api-1.1.2.jar:/Users/akshay.saroj/.m2/repository/org/junit/jupiter/junit-jupiter-params/5.13.1/junit-jupiter-params-5.13.1.jar:/Users/akshay.saroj/.m2/repository/org/junit/jupiter/junit-jupiter-engine/5.13.1/junit-jupiter-engine-5.13.1.jar:/Users/akshay.saroj/.m2/repository/org/junit/platform/junit-platform-engine/1.13.1/junit-platform-engine-1.13.1.jar:/Users/akshay.saroj/.m2/repository/org/mockito/mockito-core/5.17.0/mockito-core-5.17.0.jar:/Users/akshay.saroj/.m2/repository/net/bytebuddy/byte-buddy-agent/1.17.6/byte-buddy-agent-1.17.6.jar:/Users/akshay.saroj/.m2/repository/org/objenesis/objenesis/3.3/objenesis-3.3.jar:/Users/akshay.saroj/.m2/repository/org/mockito/mockito-junit-jupiter/5.17.0/mockito-junit-jupiter-5.17.0.jar:/Users/akshay.saroj/.m2/repository/org/skyscreamer/jsonassert/1.5.3/jsonassert-1.5.3.jar:/Users/akshay.saroj/.m2/repository/com/vaadin/external/google/android-json/0.0.20131108.vaadin1/android-json-0.0.20131108.vaadin1.jar:/Users/akshay.saroj/.m2/repository/org/springframework/spring-test/7.0.0-SNAPSHOT/spring-test-7.0.0-SNAPSHOT.jar:/Users/akshay.saroj/.m2/repository/org/xmlunit/xmlunit-core/2.10.2/xmlunit-core-2.10.2.jar:"/>
    <property name="java.vm.vendor" value="Amazon.com Inc."/>
    <property name="sun.arch.data.model" value="64"/>
    <property name="java.vendor.url" value="https://aws.amazon.com/corretto/"/>
    <property name="user.timezone" value="Europe/Berlin"/>
    <property name="org.jboss.logging.provider" value="slf4j"/>
    <property name="os.name" value="Mac OS X"/>
    <property name="java.vm.specification.version" value="21"/>
    <property name="APPLICATION_NAME" value="event-tracker"/>
    <property name="sun.java.launcher" value="SUN_STANDARD"/>
    <property name="user.country" value="GB"/>
    <property name="sun.boot.library.path" value="/Users/akshay.saroj/Library/Java/JavaVirtualMachines/corretto-21.0.5/Contents/Home/lib"/>
    <property name="sun.java.command" value="/Users/akshay.saroj/Downloads/event-tracker/target/surefire/surefirebooter-20250630024217379_3.jar /Users/akshay.saroj/Downloads/event-tracker/target/surefire 2025-06-30T02-42-17_333-jvmRun1 surefire-20250630024217379_1tmp surefire_0-20250630024217379_2tmp"/>
    <property name="jdk.debug" value="release"/>
    <property name="surefire.test.class.path" value="/Users/akshay.saroj/Downloads/event-tracker/target/test-classes:/Users/akshay.saroj/Downloads/event-tracker/target/classes:/Users/akshay.saroj/.m2/repository/org/springframework/boot/spring-boot-starter/4.0.0-SNAPSHOT/spring-boot-starter-4.0.0-SNAPSHOT.jar:/Users/akshay.saroj/.m2/repository/org/springframework/boot/spring-boot/4.0.0-SNAPSHOT/spring-boot-4.0.0-SNAPSHOT.jar:/Users/akshay.saroj/.m2/repository/org/springframework/boot/spring-boot-autoconfigure/4.0.0-SNAPSHOT/spring-boot-autoconfigure-4.0.0-SNAPSHOT.jar:/Users/akshay.saroj/.m2/repository/org/springframework/boot/spring-boot-starter-logging/4.0.0-SNAPSHOT/spring-boot-starter-logging-4.0.0-SNAPSHOT.jar:/Users/akshay.saroj/.m2/repository/ch/qos/logback/logback-classic/1.5.18/logback-classic-1.5.18.jar:/Users/akshay.saroj/.m2/repository/ch/qos/logback/logback-core/1.5.18/logback-core-1.5.18.jar:/Users/akshay.saroj/.m2/repository/org/apache/logging/log4j/log4j-to-slf4j/2.24.3/log4j-to-slf4j-2.24.3.jar:/Users/akshay.saroj/.m2/repository/org/apache/logging/log4j/log4j-api/2.24.3/log4j-api-2.24.3.jar:/Users/akshay.saroj/.m2/repository/org/slf4j/jul-to-slf4j/2.0.17/jul-to-slf4j-2.0.17.jar:/Users/akshay.saroj/.m2/repository/jakarta/annotation/jakarta.annotation-api/3.0.0/jakarta.annotation-api-3.0.0.jar:/Users/akshay.saroj/.m2/repository/org/springframework/spring-core/7.0.0-SNAPSHOT/spring-core-7.0.0-SNAPSHOT.jar:/Users/akshay.saroj/.m2/repository/commons-logging/commons-logging/1.3.5/commons-logging-1.3.5.jar:/Users/akshay.saroj/.m2/repository/org/jspecify/jspecify/1.0.0/jspecify-1.0.0.jar:/Users/akshay.saroj/.m2/repository/org/yaml/snakeyaml/2.4/snakeyaml-2.4.jar:/Users/akshay.saroj/.m2/repository/org/springframework/boot/spring-boot-starter-web/4.0.0-SNAPSHOT/spring-boot-starter-web-4.0.0-SNAPSHOT.jar:/Users/akshay.saroj/.m2/repository/org/springframework/boot/spring-boot-starter-json/4.0.0-SNAPSHOT/spring-boot-starter-json-4.0.0-SNAPSHOT.jar:/Users/akshay.saroj/.m2/repository/com/fasterxml/jackson/core/jackson-databind/2.19.1/jackson-databind-2.19.1.jar:/Users/akshay.saroj/.m2/repository/com/fasterxml/jackson/core/jackson-annotations/2.19.1/jackson-annotations-2.19.1.jar:/Users/akshay.saroj/.m2/repository/com/fasterxml/jackson/core/jackson-core/2.19.1/jackson-core-2.19.1.jar:/Users/akshay.saroj/.m2/repository/com/fasterxml/jackson/datatype/jackson-datatype-jdk8/2.19.1/jackson-datatype-jdk8-2.19.1.jar:/Users/akshay.saroj/.m2/repository/com/fasterxml/jackson/datatype/jackson-datatype-jsr310/2.19.1/jackson-datatype-jsr310-2.19.1.jar:/Users/akshay.saroj/.m2/repository/com/fasterxml/jackson/module/jackson-module-parameter-names/2.19.1/jackson-module-parameter-names-2.19.1.jar:/Users/akshay.saroj/.m2/repository/org/springframework/boot/spring-boot-starter-tomcat/4.0.0-SNAPSHOT/spring-boot-starter-tomcat-4.0.0-SNAPSHOT.jar:/Users/akshay.saroj/.m2/repository/org/apache/tomcat/embed/tomcat-embed-core/11.0.8/tomcat-embed-core-11.0.8.jar:/Users/akshay.saroj/.m2/repository/org/apache/tomcat/embed/tomcat-embed-websocket/11.0.8/tomcat-embed-websocket-11.0.8.jar:/Users/akshay.saroj/.m2/repository/org/springframework/spring-web/7.0.0-SNAPSHOT/spring-web-7.0.0-SNAPSHOT.jar:/Users/akshay.saroj/.m2/repository/org/springframework/spring-beans/7.0.0-SNAPSHOT/spring-beans-7.0.0-SNAPSHOT.jar:/Users/akshay.saroj/.m2/repository/org/springframework/spring-webmvc/7.0.0-SNAPSHOT/spring-webmvc-7.0.0-SNAPSHOT.jar:/Users/akshay.saroj/.m2/repository/org/springframework/spring-expression/7.0.0-SNAPSHOT/spring-expression-7.0.0-SNAPSHOT.jar:/Users/akshay.saroj/.m2/repository/org/springframework/kafka/spring-kafka/4.0.0-SNAPSHOT/spring-kafka-4.0.0-SNAPSHOT.jar:/Users/akshay.saroj/.m2/repository/org/springframework/spring-context/7.0.0-SNAPSHOT/spring-context-7.0.0-SNAPSHOT.jar:/Users/akshay.saroj/.m2/repository/org/springframework/spring-messaging/7.0.0-SNAPSHOT/spring-messaging-7.0.0-SNAPSHOT.jar:/Users/akshay.saroj/.m2/repository/org/springframework/spring-tx/7.0.0-SNAPSHOT/spring-tx-7.0.0-SNAPSHOT.jar:/Users/akshay.saroj/.m2/repository/org/apache/kafka/kafka-clients/4.0.0/kafka-clients-4.0.0.jar:/Users/akshay.saroj/.m2/repository/com/github/luben/zstd-jni/1.5.6-6/zstd-jni-1.5.6-6.jar:/Users/akshay.saroj/.m2/repository/org/lz4/lz4-java/1.8.0/lz4-java-1.8.0.jar:/Users/akshay.saroj/.m2/repository/org/xerial/snappy/snappy-java/1.1.10.5/snappy-java-1.1.10.5.jar:/Users/akshay.saroj/.m2/repository/org/slf4j/slf4j-api/2.0.17/slf4j-api-2.0.17.jar:/Users/akshay.saroj/.m2/repository/io/micrometer/micrometer-observation/1.15.1/micrometer-observation-1.15.1.jar:/Users/akshay.saroj/.m2/repository/io/micrometer/micrometer-commons/1.15.1/micrometer-commons-1.15.1.jar:/Users/akshay.saroj/.m2/repository/org/springframework/retry/spring-retry/2.0.12/spring-retry-2.0.12.jar:/Users/akshay.saroj/.m2/repository/org/springframework/boot/spring-boot-starter-aop/4.0.0-SNAPSHOT/spring-boot-starter-aop-4.0.0-SNAPSHOT.jar:/Users/akshay.saroj/.m2/repository/org/springframework/spring-aop/7.0.0-SNAPSHOT/spring-aop-7.0.0-SNAPSHOT.jar:/Users/akshay.saroj/.m2/repository/org/aspectj/aspectjweaver/1.9.24/aspectjweaver-1.9.24.jar:/Users/akshay.saroj/.m2/repository/org/springframework/boot/spring-boot-starter-validation/4.0.0-SNAPSHOT/spring-boot-starter-validation-4.0.0-SNAPSHOT.jar:/Users/akshay.saroj/.m2/repository/org/apache/tomcat/embed/tomcat-embed-el/11.0.8/tomcat-embed-el-11.0.8.jar:/Users/akshay.saroj/.m2/repository/org/hibernate/validator/hibernate-validator/9.0.1.Final/hibernate-validator-9.0.1.Final.jar:/Users/akshay.saroj/.m2/repository/jakarta/validation/jakarta.validation-api/3.1.1/jakarta.validation-api-3.1.1.jar:/Users/akshay.saroj/.m2/repository/org/jboss/logging/jboss-logging/3.6.1.Final/jboss-logging-3.6.1.Final.jar:/Users/akshay.saroj/.m2/repository/com/fasterxml/classmate/1.7.0/classmate-1.7.0.jar:/Users/akshay.saroj/.m2/repository/org/projectlombok/lombok/1.18.38/lombok-1.18.38.jar:/Users/akshay.saroj/.m2/repository/org/springframework/boot/spring-boot-starter-test/4.0.0-SNAPSHOT/spring-boot-starter-test-4.0.0-SNAPSHOT.jar:/Users/akshay.saroj/.m2/repository/org/springframework/boot/spring-boot-test/4.0.0-SNAPSHOT/spring-boot-test-4.0.0-SNAPSHOT.jar:/Users/akshay.saroj/.m2/repository/org/springframework/boot/spring-boot-test-autoconfigure/4.0.0-SNAPSHOT/spring-boot-test-autoconfigure-4.0.0-SNAPSHOT.jar:/Users/akshay.saroj/.m2/repository/com/jayway/jsonpath/json-path/2.9.0/json-path-2.9.0.jar:/Users/akshay.saroj/.m2/repository/jakarta/xml/bind/jakarta.xml.bind-api/4.0.2/jakarta.xml.bind-api-4.0.2.jar:/Users/akshay.saroj/.m2/repository/jakarta/activation/jakarta.activation-api/2.1.3/jakarta.activation-api-2.1.3.jar:/Users/akshay.saroj/.m2/repository/net/minidev/json-smart/2.5.2/json-smart-2.5.2.jar:/Users/akshay.saroj/.m2/repository/net/minidev/accessors-smart/2.5.2/accessors-smart-2.5.2.jar:/Users/akshay.saroj/.m2/repository/org/ow2/asm/asm/9.7.1/asm-9.7.1.jar:/Users/akshay.saroj/.m2/repository/org/assertj/assertj-core/3.27.3/assertj-core-3.27.3.jar:/Users/akshay.saroj/.m2/repository/net/bytebuddy/byte-buddy/1.17.6/byte-buddy-1.17.6.jar:/Users/akshay.saroj/.m2/repository/org/awaitility/awaitility/4.3.0/awaitility-4.3.0.jar:/Users/akshay.saroj/.m2/repository/org/hamcrest/hamcrest/3.0/hamcrest-3.0.jar:/Users/akshay.saroj/.m2/repository/org/junit/jupiter/junit-jupiter/5.13.1/junit-jupiter-5.13.1.jar:/Users/akshay.saroj/.m2/repository/org/junit/jupiter/junit-jupiter-api/5.13.1/junit-jupiter-api-5.13.1.jar:/Users/akshay.saroj/.m2/repository/org/opentest4j/opentest4j/1.3.0/opentest4j-1.3.0.jar:/Users/akshay.saroj/.m2/repository/org/junit/platform/junit-platform-commons/1.13.1/junit-platform-commons-1.13.1.jar:/Users/akshay.saroj/.m2/repository/org/apiguardian/apiguardian-api/1.1.2/apiguardian-api-1.1.2.jar:/Users/akshay.saroj/.m2/repository/org/junit/jupiter/junit-jupiter-params/5.13.1/junit-jupiter-params-5.13.1.jar:/Users/akshay.saroj/.m2/repository/org/junit/jupiter/junit-jupiter-engine/5.13.1/junit-jupiter-engine-5.13.1.jar:/Users/akshay.saroj/.m2/repository/org/junit/platform/junit-platform-engine/1.13.1/junit-platform-engine-1.13.1.jar:/Users/akshay.saroj/.m2/repository/org/mockito/mockito-core/5.17.0/mockito-core-5.17.0.jar:/Users/akshay.saroj/.m2/repository/net/bytebuddy/byte-buddy-agent/1.17.6/byte-buddy-agent-1.17.6.jar:/Users/akshay.saroj/.m2/repository/org/objenesis/objenesis/3.3/objenesis-3.3.jar:/Users/akshay.saroj/.m2/repository/org/mockito/mockito-junit-jupiter/5.17.0/mockito-junit-jupiter-5.17.0.jar:/Users/akshay.saroj/.m2/repository/org/skyscreamer/jsonassert/1.5.3/jsonassert-1.5.3.jar:/Users/akshay.saroj/.m2/repository/com/vaadin/external/google/android-json/0.0.20131108.vaadin1/android-json-0.0.20131108.vaadin1.jar:/Users/akshay.saroj/.m2/repository/org/springframework/spring-test/7.0.0-SNAPSHOT/spring-test-7.0.0-SNAPSHOT.jar:/Users/akshay.saroj/.m2/repository/org/xmlunit/xmlunit-core/2.10.2/xmlunit-core-2.10.2.jar:"/>
    <property name="sun.cpu.endian" value="little"/>
    <property name="user.home" value="/Users/akshay.saroj"/>
    <property name="user.language" value="en"/>
    <property name="java.specification.vendor" value="Oracle Corporation"/>
    <property name="java.version.date" value="2024-10-15"/>
    <property name="java.home" value="/Users/akshay.saroj/Library/Java/JavaVirtualMachines/corretto-21.0.5/Contents/Home"/>
    <property name="file.separator" value="/"/>
    <property name="basedir" value="/Users/akshay.saroj/Downloads/event-tracker"/>
    <property name="java.vm.compressedOopsMode" value="Zero based"/>
    <property name="line.separator" value="&#10;"/>
    <property name="java.vm.specification.vendor" value="Oracle Corporation"/>
    <property name="java.specification.name" value="Java Platform API Specification"/>
    <property name="FILE_LOG_CHARSET" value="UTF-8"/>
    <property name="java.awt.headless" value="true"/>
    <property name="apple.awt.application.name" value="ForkedBooter"/>
    <property name="surefire.real.class.path" value="/Users/akshay.saroj/Downloads/event-tracker/target/surefire/surefirebooter-20250630024217379_3.jar"/>
    <property name="sun.management.compiler" value="HotSpot 64-Bit Tiered Compilers"/>
    <property name="java.runtime.version" value="21.0.5+11-LTS"/>
    <property name="user.name" value="akshay.saroj"/>
    <property name="stdout.encoding" value="UTF-8"/>
    <property name="path.separator" value=":"/>
    <property name="os.version" value="15.5"/>
    <property name="java.runtime.name" value="OpenJDK Runtime Environment"/>
    <property name="file.encoding" value="UTF-8"/>
    <property name="java.vm.name" value="OpenJDK 64-Bit Server VM"/>
    <property name="java.vendor.version" value="Corretto-21.0.5.11.1"/>
    <property name="localRepository" value="/Users/akshay.saroj/.m2/repository"/>
    <property name="java.vendor.url.bug" value="https://github.com/corretto/corretto-21/issues/"/>
    <property name="java.io.tmpdir" value="/var/folders/9b/t85rnqb128jc0mwcpbqj34xw0000gp/T/"/>
    <property name="java.version" value="21.0.5"/>
    <property name="user.dir" value="/Users/akshay.saroj/Downloads/event-tracker"/>
    <property name="os.arch" value="aarch64"/>
    <property name="java.vm.specification.name" value="Java Virtual Machine Specification"/>
    <property name="PID" value="97425"/>
    <property name="CONSOLE_LOG_CHARSET" value="UTF-8"/>
    <property name="native.encoding" value="UTF-8"/>
    <property name="java.library.path" value="/Users/akshay.saroj/Library/Java/Extensions:/Library/Java/Extensions:/Network/Library/Java/Extensions:/System/Library/Java/Extensions:/usr/lib/java:."/>
    <property name="java.vm.info" value="mixed mode, sharing"/>
    <property name="stderr.encoding" value="UTF-8"/>
    <property name="java.vendor" value="Amazon.com Inc."/>
    <property name="java.vm.version" value="21.0.5+11-LTS"/>
    <property name="sun.io.unicode.encoding" value="UnicodeBig"/>
    <property name="java.class.version" value="65.0"/>
    <property name="LOGGED_APPLICATION_NAME" value="[event-tracker] "/>
  </properties>
  <testcase name="shouldHandlePollingFailureGracefully" classname="com.sportygroup.service.EventServiceTest" time="1.256">
    <system-out><![CDATA[2025-06-30T02:42:25.956+02:00  INFO 97425 --- [event-tracker] [           main] com.sportygroup.service.EventService     : Received event status update. Event ID: failing-event, Status: LIVE
2025-06-30T02:42:25.956+02:00  INFO 97425 --- [event-tracker] [           main] com.sportygroup.service.EventService     : Started polling task for event: failing-event
2025-06-30T02:42:25.956+02:00 ERROR 97425 --- [event-tracker] [pool-6-thread-1] com.sportygroup.service.EventService     : Polling failed for event: failing-event

java.lang.RuntimeException: API Down
	at com.sportygroup.client.ExternalApiClient.fetchScore(ExternalApiClient.java:22) ~[classes/:na]
	at com.sportygroup.service.EventService.pollAndPublish(EventService.java:64) ~[classes/:na]
	at com.sportygroup.service.EventService.lambda$updateEventStatus$0(EventService.java:44) ~[classes/:na]
	at java.base/java.util.concurrent.Executors$RunnableAdapter.call(Executors.java:572) ~[na:na]
	at java.base/java.util.concurrent.FutureTask.runAndReset(FutureTask.java:358) ~[na:na]
	at java.base/java.util.concurrent.ScheduledThreadPoolExecutor$ScheduledFutureTask.run(ScheduledThreadPoolExecutor.java:305) ~[na:na]
	at java.base/java.util.concurrent.ThreadPoolExecutor.runWorker(ThreadPoolExecutor.java:1144) ~[na:na]
	at java.base/java.util.concurrent.ThreadPoolExecutor$Worker.run(ThreadPoolExecutor.java:642) ~[na:na]
	at java.base/java.lang.Thread.run(Thread.java:1583) ~[na:na]

2025-06-30T02:42:26.084+02:00  INFO 97425 --- [event-tracker] [cker-producer-1] org.apache.kafka.clients.Metadata        : [Producer clientId=event-tracker-producer-1] Cluster ID: U39LQEL4Rca9rNELlWr1HQ
2025-06-30T02:42:26.084+02:00  INFO 97425 --- [event-tracker] [cker-producer-1] o.a.k.c.p.internals.TransactionManager   : [Producer clientId=event-tracker-producer-1] ProducerId set to 1005 with epoch 0
2025-06-30T02:42:26.090+02:00  INFO 97425 --- [event-tracker] [pool-4-thread-1] com.sportygroup.kafka.MessagePublisher   : Published to Kafka: {"eventId":"1234","currentScore":"0:2"}
2025-06-30T02:42:26.124+02:00  WARN 97425 --- [event-tracker] [cker-producer-1] org.apache.kafka.clients.NetworkClient   : [Producer clientId=event-tracker-producer-1] Error connecting to node kafka:9092 (id: 1 rack: null isFenced: false)

java.net.UnknownHostException: kafka: nodename nor servname provided, or not known
	at java.base/java.net.Inet6AddressImpl.lookupAllHostAddr(Native Method) ~[na:na]
	at java.base/java.net.Inet6AddressImpl.lookupAllHostAddr(Inet6AddressImpl.java:52) ~[na:na]
	at java.base/java.net.InetAddress$PlatformResolver.lookupByName(InetAddress.java:1211) ~[na:na]
	at java.base/java.net.InetAddress.getAddressesFromNameService(InetAddress.java:1828) ~[na:na]
	at java.base/java.net.InetAddress$NameServiceAddresses.get(InetAddress.java:1139) ~[na:na]
	at java.base/java.net.InetAddress.getAllByName0(InetAddress.java:1818) ~[na:na]
	at java.base/java.net.InetAddress.getAllByName(InetAddress.java:1688) ~[na:na]
	at org.apache.kafka.clients.DefaultHostResolver.resolve(DefaultHostResolver.java:27) ~[kafka-clients-4.0.0.jar:na]
	at org.apache.kafka.clients.ClientUtils.resolve(ClientUtils.java:125) ~[kafka-clients-4.0.0.jar:na]
	at org.apache.kafka.clients.ClusterConnectionStates$NodeConnectionState.resolveAddresses(ClusterConnectionStates.java:536) ~[kafka-clients-4.0.0.jar:na]
	at org.apache.kafka.clients.ClusterConnectionStates$NodeConnectionState.currentAddress(ClusterConnectionStates.java:511) ~[kafka-clients-4.0.0.jar:na]
	at org.apache.kafka.clients.ClusterConnectionStates.currentAddress(ClusterConnectionStates.java:173) ~[kafka-clients-4.0.0.jar:na]
	at org.apache.kafka.clients.NetworkClient.initiateConnect(NetworkClient.java:1140) ~[kafka-clients-4.0.0.jar:na]
	at org.apache.kafka.clients.NetworkClient.ready(NetworkClient.java:368) ~[kafka-clients-4.0.0.jar:na]
	at org.apache.kafka.clients.producer.internals.Sender.sendProducerData(Sender.java:389) ~[kafka-clients-4.0.0.jar:na]
	at org.apache.kafka.clients.producer.internals.Sender.runOnce(Sender.java:348) ~[kafka-clients-4.0.0.jar:na]
	at org.apache.kafka.clients.producer.internals.Sender.run(Sender.java:251) ~[kafka-clients-4.0.0.jar:na]
	at java.base/java.lang.Thread.run(Thread.java:1583) ~[na:na]

2025-06-30T02:42:26.170+02:00  WARN 97425 --- [event-tracker] [cker-producer-1] org.apache.kafka.clients.NetworkClient   : [Producer clientId=event-tracker-producer-1] Error connecting to node kafka:9092 (id: 1 rack: null isFenced: false)

java.net.UnknownHostException: kafka
	at java.base/java.net.InetAddress$CachedLookup.get(InetAddress.java:988) ~[na:na]
	at java.base/java.net.InetAddress.getAllByName0(InetAddress.java:1818) ~[na:na]
	at java.base/java.net.InetAddress.getAllByName(InetAddress.java:1688) ~[na:na]
	at org.apache.kafka.clients.DefaultHostResolver.resolve(DefaultHostResolver.java:27) ~[kafka-clients-4.0.0.jar:na]
	at org.apache.kafka.clients.ClientUtils.resolve(ClientUtils.java:125) ~[kafka-clients-4.0.0.jar:na]
	at org.apache.kafka.clients.ClusterConnectionStates$NodeConnectionState.resolveAddresses(ClusterConnectionStates.java:536) ~[kafka-clients-4.0.0.jar:na]
	at org.apache.kafka.clients.ClusterConnectionStates$NodeConnectionState.currentAddress(ClusterConnectionStates.java:511) ~[kafka-clients-4.0.0.jar:na]
	at org.apache.kafka.clients.ClusterConnectionStates.currentAddress(ClusterConnectionStates.java:173) ~[kafka-clients-4.0.0.jar:na]
	at org.apache.kafka.clients.NetworkClient.initiateConnect(NetworkClient.java:1140) ~[kafka-clients-4.0.0.jar:na]
	at org.apache.kafka.clients.NetworkClient.ready(NetworkClient.java:368) ~[kafka-clients-4.0.0.jar:na]
	at org.apache.kafka.clients.producer.internals.Sender.sendProducerData(Sender.java:389) ~[kafka-clients-4.0.0.jar:na]
	at org.apache.kafka.clients.producer.internals.Sender.runOnce(Sender.java:348) ~[kafka-clients-4.0.0.jar:na]
	at org.apache.kafka.clients.producer.internals.Sender.run(Sender.java:251) ~[kafka-clients-4.0.0.jar:na]
	at java.base/java.lang.Thread.run(Thread.java:1583) ~[na:na]

2025-06-30T02:42:26.276+02:00  WARN 97425 --- [event-tracker] [cker-producer-1] org.apache.kafka.clients.NetworkClient   : [Producer clientId=event-tracker-producer-1] Error connecting to node kafka:9092 (id: 1 rack: null isFenced: false)

java.net.UnknownHostException: kafka
	at java.base/java.net.InetAddress$CachedLookup.get(InetAddress.java:988) ~[na:na]
	at java.base/java.net.InetAddress.getAllByName0(InetAddress.java:1818) ~[na:na]
	at java.base/java.net.InetAddress.getAllByName(InetAddress.java:1688) ~[na:na]
	at org.apache.kafka.clients.DefaultHostResolver.resolve(DefaultHostResolver.java:27) ~[kafka-clients-4.0.0.jar:na]
	at org.apache.kafka.clients.ClientUtils.resolve(ClientUtils.java:125) ~[kafka-clients-4.0.0.jar:na]
	at org.apache.kafka.clients.ClusterConnectionStates$NodeConnectionState.resolveAddresses(ClusterConnectionStates.java:536) ~[kafka-clients-4.0.0.jar:na]
	at org.apache.kafka.clients.ClusterConnectionStates$NodeConnectionState.currentAddress(ClusterConnectionStates.java:511) ~[kafka-clients-4.0.0.jar:na]
	at org.apache.kafka.clients.ClusterConnectionStates.currentAddress(ClusterConnectionStates.java:173) ~[kafka-clients-4.0.0.jar:na]
	at org.apache.kafka.clients.NetworkClient.initiateConnect(NetworkClient.java:1140) ~[kafka-clients-4.0.0.jar:na]
	at org.apache.kafka.clients.NetworkClient.ready(NetworkClient.java:368) ~[kafka-clients-4.0.0.jar:na]
	at org.apache.kafka.clients.producer.internals.Sender.sendProducerData(Sender.java:389) ~[kafka-clients-4.0.0.jar:na]
	at org.apache.kafka.clients.producer.internals.Sender.runOnce(Sender.java:348) ~[kafka-clients-4.0.0.jar:na]
	at org.apache.kafka.clients.producer.internals.Sender.run(Sender.java:251) ~[kafka-clients-4.0.0.jar:na]
	at java.base/java.lang.Thread.run(Thread.java:1583) ~[na:na]

2025-06-30T02:42:26.276+02:00  INFO 97425 --- [event-tracker] [cker-producer-1] org.apache.kafka.clients.Metadata        : [Producer clientId=event-tracker-producer-1] Rebootstrapping with [localhost/127.0.0.1:9092]
2025-06-30T02:42:26.281+02:00  INFO 97425 --- [event-tracker] [cker-producer-1] org.apache.kafka.clients.Metadata        : [Producer clientId=event-tracker-producer-1] Resetting the last seen epoch of partition event-tracker-topic-0 to 0 since the associated topicId changed from null to XEhOb6BVRZ-ka99F2dzH0g
2025-06-30T02:42:26.282+02:00  INFO 97425 --- [event-tracker] [cker-producer-1] org.apache.kafka.clients.Metadata        : [Producer clientId=event-tracker-producer-1] Cluster ID: U39LQEL4Rca9rNELlWr1HQ
2025-06-30T02:42:26.500+02:00  WARN 97425 --- [event-tracker] [cker-producer-1] org.apache.kafka.clients.NetworkClient   : [Producer clientId=event-tracker-producer-1] Error connecting to node kafka:9092 (id: 1 rack: null isFenced: false)

java.net.UnknownHostException: kafka
	at java.base/java.net.InetAddress$CachedLookup.get(InetAddress.java:988) ~[na:na]
	at java.base/java.net.InetAddress.getAllByName0(InetAddress.java:1818) ~[na:na]
	at java.base/java.net.InetAddress.getAllByName(InetAddress.java:1688) ~[na:na]
	at org.apache.kafka.clients.DefaultHostResolver.resolve(DefaultHostResolver.java:27) ~[kafka-clients-4.0.0.jar:na]
	at org.apache.kafka.clients.ClientUtils.resolve(ClientUtils.java:125) ~[kafka-clients-4.0.0.jar:na]
	at org.apache.kafka.clients.ClusterConnectionStates$NodeConnectionState.resolveAddresses(ClusterConnectionStates.java:536) ~[kafka-clients-4.0.0.jar:na]
	at org.apache.kafka.clients.ClusterConnectionStates$NodeConnectionState.currentAddress(ClusterConnectionStates.java:511) ~[kafka-clients-4.0.0.jar:na]
	at org.apache.kafka.clients.ClusterConnectionStates.currentAddress(ClusterConnectionStates.java:173) ~[kafka-clients-4.0.0.jar:na]
	at org.apache.kafka.clients.NetworkClient.initiateConnect(NetworkClient.java:1140) ~[kafka-clients-4.0.0.jar:na]
	at org.apache.kafka.clients.NetworkClient.ready(NetworkClient.java:368) ~[kafka-clients-4.0.0.jar:na]
	at org.apache.kafka.clients.producer.internals.Sender.sendProducerData(Sender.java:389) ~[kafka-clients-4.0.0.jar:na]
	at org.apache.kafka.clients.producer.internals.Sender.runOnce(Sender.java:348) ~[kafka-clients-4.0.0.jar:na]
	at org.apache.kafka.clients.producer.internals.Sender.run(Sender.java:251) ~[kafka-clients-4.0.0.jar:na]
	at java.base/java.lang.Thread.run(Thread.java:1583) ~[na:na]

2025-06-30T02:42:26.500+02:00  INFO 97425 --- [event-tracker] [cker-producer-1] org.apache.kafka.clients.Metadata        : [Producer clientId=event-tracker-producer-1] Rebootstrapping with [localhost/127.0.0.1:9092]
2025-06-30T02:42:26.505+02:00  INFO 97425 --- [event-tracker] [cker-producer-1] org.apache.kafka.clients.Metadata        : [Producer clientId=event-tracker-producer-1] Resetting the last seen epoch of partition event-tracker-topic-0 to 0 since the associated topicId changed from null to XEhOb6BVRZ-ka99F2dzH0g
2025-06-30T02:42:26.505+02:00  INFO 97425 --- [event-tracker] [cker-producer-1] org.apache.kafka.clients.Metadata        : [Producer clientId=event-tracker-producer-1] Cluster ID: U39LQEL4Rca9rNELlWr1HQ
2025-06-30T02:42:26.872+02:00  WARN 97425 --- [event-tracker] [cker-producer-1] org.apache.kafka.clients.NetworkClient   : [Producer clientId=event-tracker-producer-1] Error connecting to node kafka:9092 (id: 1 rack: null isFenced: false)

java.net.UnknownHostException: kafka
	at java.base/java.net.InetAddress$CachedLookup.get(InetAddress.java:988) ~[na:na]
	at java.base/java.net.InetAddress.getAllByName0(InetAddress.java:1818) ~[na:na]
	at java.base/java.net.InetAddress.getAllByName(InetAddress.java:1688) ~[na:na]
	at org.apache.kafka.clients.DefaultHostResolver.resolve(DefaultHostResolver.java:27) ~[kafka-clients-4.0.0.jar:na]
	at org.apache.kafka.clients.ClientUtils.resolve(ClientUtils.java:125) ~[kafka-clients-4.0.0.jar:na]
	at org.apache.kafka.clients.ClusterConnectionStates$NodeConnectionState.resolveAddresses(ClusterConnectionStates.java:536) ~[kafka-clients-4.0.0.jar:na]
	at org.apache.kafka.clients.ClusterConnectionStates$NodeConnectionState.currentAddress(ClusterConnectionStates.java:511) ~[kafka-clients-4.0.0.jar:na]
	at org.apache.kafka.clients.ClusterConnectionStates.currentAddress(ClusterConnectionStates.java:173) ~[kafka-clients-4.0.0.jar:na]
	at org.apache.kafka.clients.NetworkClient.initiateConnect(NetworkClient.java:1140) ~[kafka-clients-4.0.0.jar:na]
	at org.apache.kafka.clients.NetworkClient.ready(NetworkClient.java:368) ~[kafka-clients-4.0.0.jar:na]
	at org.apache.kafka.clients.producer.internals.Sender.sendProducerData(Sender.java:389) ~[kafka-clients-4.0.0.jar:na]
	at org.apache.kafka.clients.producer.internals.Sender.runOnce(Sender.java:348) ~[kafka-clients-4.0.0.jar:na]
	at org.apache.kafka.clients.producer.internals.Sender.run(Sender.java:251) ~[kafka-clients-4.0.0.jar:na]
	at java.base/java.lang.Thread.run(Thread.java:1583) ~[na:na]

2025-06-30T02:42:26.872+02:00  INFO 97425 --- [event-tracker] [cker-producer-1] org.apache.kafka.clients.Metadata        : [Producer clientId=event-tracker-producer-1] Rebootstrapping with [localhost/127.0.0.1:9092]
2025-06-30T02:42:26.880+02:00  INFO 97425 --- [event-tracker] [cker-producer-1] org.apache.kafka.clients.Metadata        : [Producer clientId=event-tracker-producer-1] Resetting the last seen epoch of partition event-tracker-topic-0 to 0 since the associated topicId changed from null to XEhOb6BVRZ-ka99F2dzH0g
2025-06-30T02:42:26.880+02:00  INFO 97425 --- [event-tracker] [cker-producer-1] org.apache.kafka.clients.Metadata        : [Producer clientId=event-tracker-producer-1] Cluster ID: U39LQEL4Rca9rNELlWr1HQ
2025-06-30T02:42:27.157+02:00  INFO 97425 --- [event-tracker] [           main] com.sportygroup.service.EventService     : Received event status update. Event ID: failing-event, Status: NOT LIVE
2025-06-30T02:42:27.157+02:00  INFO 97425 --- [event-tracker] [           main] com.sportygroup.service.EventService     : Stopped polling task for event: failing-event
]]></system-out>
  </testcase>
  <testcase name="shouldNotScheduleTwice" classname="com.sportygroup.service.EventServiceTest" time="0.003">
    <system-out><![CDATA[2025-06-30T02:42:27.169+02:00  INFO 97425 --- [event-tracker] [           main] com.sportygroup.service.EventService     : Received event status update. Event ID: event-once, Status: LIVE
2025-06-30T02:42:27.169+02:00  INFO 97425 --- [event-tracker] [           main] com.sportygroup.service.EventService     : Started polling task for event: event-once
2025-06-30T02:42:27.169+02:00  INFO 97425 --- [event-tracker] [           main] com.sportygroup.service.EventService     : Received event status update. Event ID: event-once, Status: LIVE
2025-06-30T02:42:27.169+02:00  INFO 97425 --- [event-tracker] [           main] com.sportygroup.service.EventService     : Received event status update. Event ID: event-once, Status: NOT LIVE
2025-06-30T02:42:27.169+02:00  INFO 97425 --- [event-tracker] [           main] com.sportygroup.service.EventService     : Stopped polling task for event: event-once
]]></system-out>
  </testcase>
  <testcase name="shouldSchedulePollingForLiveEvent" classname="com.sportygroup.service.EventServiceTest" time="1.214">
    <system-out><![CDATA[2025-06-30T02:42:27.174+02:00  INFO 97425 --- [event-tracker] [           main] com.sportygroup.service.EventService     : Received event status update. Event ID: live-event, Status: LIVE
2025-06-30T02:42:27.174+02:00  INFO 97425 --- [event-tracker] [           main] com.sportygroup.service.EventService     : Started polling task for event: live-event
2025-06-30T02:42:27.735+02:00  WARN 97425 --- [event-tracker] [cker-producer-1] org.apache.kafka.clients.NetworkClient   : [Producer clientId=event-tracker-producer-1] Error connecting to node kafka:9092 (id: 1 rack: null isFenced: false)

java.net.UnknownHostException: kafka
	at java.base/java.net.InetAddress$CachedLookup.get(InetAddress.java:988) ~[na:na]
	at java.base/java.net.InetAddress.getAllByName0(InetAddress.java:1818) ~[na:na]
	at java.base/java.net.InetAddress.getAllByName(InetAddress.java:1688) ~[na:na]
	at org.apache.kafka.clients.DefaultHostResolver.resolve(DefaultHostResolver.java:27) ~[kafka-clients-4.0.0.jar:na]
	at org.apache.kafka.clients.ClientUtils.resolve(ClientUtils.java:125) ~[kafka-clients-4.0.0.jar:na]
	at org.apache.kafka.clients.ClusterConnectionStates$NodeConnectionState.resolveAddresses(ClusterConnectionStates.java:536) ~[kafka-clients-4.0.0.jar:na]
	at org.apache.kafka.clients.ClusterConnectionStates$NodeConnectionState.currentAddress(ClusterConnectionStates.java:511) ~[kafka-clients-4.0.0.jar:na]
	at org.apache.kafka.clients.ClusterConnectionStates.currentAddress(ClusterConnectionStates.java:173) ~[kafka-clients-4.0.0.jar:na]
	at org.apache.kafka.clients.NetworkClient.initiateConnect(NetworkClient.java:1140) ~[kafka-clients-4.0.0.jar:na]
	at org.apache.kafka.clients.NetworkClient.ready(NetworkClient.java:368) ~[kafka-clients-4.0.0.jar:na]
	at org.apache.kafka.clients.producer.internals.Sender.sendProducerData(Sender.java:389) ~[kafka-clients-4.0.0.jar:na]
	at org.apache.kafka.clients.producer.internals.Sender.runOnce(Sender.java:348) ~[kafka-clients-4.0.0.jar:na]
	at org.apache.kafka.clients.producer.internals.Sender.run(Sender.java:251) ~[kafka-clients-4.0.0.jar:na]
	at java.base/java.lang.Thread.run(Thread.java:1583) ~[na:na]

2025-06-30T02:42:27.736+02:00  INFO 97425 --- [event-tracker] [cker-producer-1] org.apache.kafka.clients.Metadata        : [Producer clientId=event-tracker-producer-1] Rebootstrapping with [localhost/127.0.0.1:9092]
2025-06-30T02:42:27.740+02:00  INFO 97425 --- [event-tracker] [cker-producer-1] org.apache.kafka.clients.Metadata        : [Producer clientId=event-tracker-producer-1] Resetting the last seen epoch of partition event-tracker-topic-0 to 0 since the associated topicId changed from null to XEhOb6BVRZ-ka99F2dzH0g
2025-06-30T02:42:27.740+02:00  INFO 97425 --- [event-tracker] [cker-producer-1] org.apache.kafka.clients.Metadata        : [Producer clientId=event-tracker-producer-1] Cluster ID: U39LQEL4Rca9rNELlWr1HQ
2025-06-30T02:42:28.379+02:00  INFO 97425 --- [event-tracker] [           main] com.sportygroup.service.EventService     : Received event status update. Event ID: live-event, Status: NOT LIVE
2025-06-30T02:42:28.381+02:00  INFO 97425 --- [event-tracker] [           main] com.sportygroup.service.EventService     : Stopped polling task for event: live-event
]]></system-out>
  </testcase>
</testsuite>